<?xml version="1.0" encoding="UTF-8"?>
<!-- Generated by org.testng.reporters.JUnitXMLReporter -->
<testsuite ignored="0" hostname="Aruna-Shyam" failures="0" tests="17" name="Default test" time="102.084" errors="0" timestamp="2023-09-21T10:44:14 IST">
  <testcase classname="testng.Guru99_Telecom" name="openguru99_telecom" time="5.615"/>
  <testcase classname="testng.Guru99_Telecom" name="add_customer" time="1.159"/>
  <testcase classname="testng.Guru99_Telecom" name="adsremove" time="0.238"/>
  <testcase classname="testng.Guru99_Telecom" name="add_customer1" time="15.818"/>
  <testcase classname="testng.Guru99_Telecom" name="add_customer2" time="1.771"/>
  <testcase classname="testng.Guru99_Telecom" name="add_customer3" time="2.75"/>
  <testcase classname="testng.Guru99_Telecom" name="add_traffic_plan_to_customer" time="2.677"/>
  <testcase classname="testng.Guru99_Telecom" name="add_traffic_plan_to_customer1" time="4.347"/>
  <testcase classname="testng.Guru99_Telecom" name="add_traffic_plan_to_customer2" time="8.814"/>
  <testcase classname="testng.Guru99_Telecom" name="add_traffic_plan_to_customer3" time="2.04"/>
  <testcase classname="testng.Guru99_Telecom" name="add_traffic_plan" time="4.123"/>
  <testcase classname="testng.Guru99_Telecom" name="add_traffic_plan1" time="14.76"/>
  <testcase classname="testng.Guru99_Telecom" name="add_traffic_plan2" time="1.917"/>
  <testcase classname="testng.Guru99_Telecom" name="pay_billing" time="2.921"/>
  <testcase classname="testng.Guru99_Telecom" name="pay_billing1" time="6.542"/>
  <testcase classname="testng.Guru99_Telecom" name="pay_billing2" time="3.164"/>
  <testcase classname="testng.Guru99_Telecom" name="siteDetails" time="23.269"/>
</testsuite> <!-- Default test -->
